<?xml version="1.0" encoding="UTF-8"?>
<coverage generated="1574610718769" clover="3.2.0">
  <project timestamp="1574610718770" name="All files">
    <metrics statements="30" coveredstatements="30" conditionals="0" coveredconditionals="0" methods="9" coveredmethods="9" elements="39" coveredelements="39" complexity="0" loc="30" ncloc="30" packages="2" files="5" classes="5"/>
    <package name="src">
      <metrics statements="9" coveredstatements="9" conditionals="0" coveredconditionals="0" methods="3" coveredmethods="3"/>
      <file name="app.controller.ts" path="/Users/admin/Work/nodeschool/todo-app/src/app.controller.ts">
        <metrics statements="6" coveredstatements="6" conditionals="0" coveredconditionals="0" methods="2" coveredmethods="2"/>
        <line num="1" count="1" type="stmt"/>
        <line num="2" count="1" type="stmt"/>
        <line num="5" count="1" type="stmt"/>
        <line num="6" count="1" type="stmt"/>
        <line num="9" count="1" type="stmt"/>
        <line num="10" count="1" type="stmt"/>
      </file>
      <file name="app.service.ts" path="/Users/admin/Work/nodeschool/todo-app/src/app.service.ts">
        <metrics statements="3" coveredstatements="3" conditionals="0" coveredconditionals="0" methods="1" coveredmethods="1"/>
        <line num="1" count="1" type="stmt"/>
        <line num="4" count="1" type="stmt"/>
        <line num="6" count="1" type="stmt"/>
      </file>
    </package>
    <package name="src.products">
      <metrics statements="21" coveredstatements="21" conditionals="0" coveredconditionals="0" methods="6" coveredmethods="6"/>
      <file name="products.controller.ts" path="/Users/admin/Work/nodeschool/todo-app/src/products/products.controller.ts">
        <metrics statements="8" coveredstatements="8" conditionals="0" coveredconditionals="0" methods="3" coveredmethods="3"/>
        <line num="1" count="1" type="stmt"/>
        <line num="2" count="1" type="stmt"/>
        <line num="7" count="1" type="stmt"/>
        <line num="8" count="3" type="stmt"/>
        <line num="11" count="1" type="stmt"/>
        <line num="12" count="1" type="stmt"/>
        <line num="16" count="1" type="stmt"/>
        <line num="17" count="1" type="stmt"/>
      </file>
      <file name="products.service.ts" path="/Users/admin/Work/nodeschool/todo-app/src/products/products.service.ts">
        <metrics statements="9" coveredstatements="9" conditionals="0" coveredconditionals="0" methods="3" coveredmethods="3"/>
        <line num="1" count="2" type="stmt"/>
        <line num="2" count="2" type="stmt"/>
        <line num="3" count="2" type="stmt"/>
        <line num="4" count="2" type="stmt"/>
        <line num="8" count="2" type="stmt"/>
        <line num="9" count="6" type="stmt"/>
        <line num="11" count="1" type="stmt"/>
        <line num="12" count="1" type="stmt"/>
        <line num="16" count="1" type="stmt"/>
      </file>
      <file name="products.ts" path="/Users/admin/Work/nodeschool/todo-app/src/products/products.ts">
        <metrics statements="4" coveredstatements="4" conditionals="0" coveredconditionals="0" methods="0" coveredmethods="0"/>
        <line num="1" count="3" type="stmt"/>
        <line num="5" count="3" type="stmt"/>
        <line num="7" count="3" type="stmt"/>
        <line num="10" count="3" type="stmt"/>
      </file>
    </package>
  </project>
</coverage>
