TN:
SF:/Users/admin/Work/nodeschool/todo-app/src/app.controller.ts
FN:6,(anonymous_2)
FN:9,(anonymous_3)
FNF:2
FNH:2
FNDA:1,(anonymous_2)
FNDA:1,(anonymous_3)
DA:1,1
DA:2,1
DA:5,1
DA:6,1
DA:9,1
DA:10,1
LF:6
LH:6
BRF:0
BRH:0
end_of_record
TN:
SF:/Users/admin/Work/nodeschool/todo-app/src/app.service.ts
FN:5,(anonymous_1)
FNF:1
FNH:1
FNDA:1,(anonymous_1)
DA:1,1
DA:4,1
DA:6,1
LF:3
LH:3
BRF:0
BRH:0
end_of_record
TN:
SF:/Users/admin/Work/nodeschool/todo-app/src/products/products.controller.ts
FN:8,(anonymous_4)
FN:11,(anonymous_5)
FN:16,(anonymous_6)
FNF:3
FNH:3
FNDA:3,(anonymous_4)
FNDA:1,(anonymous_5)
FNDA:1,(anonymous_6)
DA:1,1
DA:2,1
DA:7,1
DA:8,3
DA:11,1
DA:12,1
DA:16,1
DA:17,1
LF:8
LH:8
BRF:0
BRH:0
end_of_record
TN:
SF:/Users/admin/Work/nodeschool/todo-app/src/products/products.service.ts
FN:9,(anonymous_4)
FN:10,(anonymous_5)
FN:15,(anonymous_6)
FNF:3
FNH:3
FNDA:6,(anonymous_4)
FNDA:1,(anonymous_5)
FNDA:1,(anonymous_6)
DA:1,2
DA:2,2
DA:3,2
DA:4,2
DA:8,2
DA:9,6
DA:11,1
DA:12,1
DA:16,1
LF:9
LH:9
BRF:0
BRH:0
end_of_record
TN:
SF:/Users/admin/Work/nodeschool/todo-app/src/products/products.ts
FNF:0
FNH:0
DA:1,3
DA:5,3
DA:7,3
DA:10,3
LF:4
LH:4
BRF:0
BRH:0
end_of_record
